INFO: [SIM 2] *************** CSIM start ***************
INFO: [SIM 4] CSIM will launch GCC as the compiler.
   Compiling ../../../cnn.cpp in debug mode
   Generating csim.exe
0's feature
|0.999329|0.995055|0.999329|
|0.995055|0.999329|0.995055|
|0.999329|0.995055|0.999329|


1's feature
|0.964028|0.995055|0.999329|
|0.999909|0.964028|0.995055|
|0.999329|0.999909|0.964028|


2's feature
|0.964028|0.999909|0.999329|
|0.995055|0.964028|0.999909|
|0.999329|0.995055|0.964028|


3's feature
|0.999329|0.995055|0.999329|
|0.995055|0.999329|0.995055|
|0.999329|0.995055|0.999329|


4's feature
|0.999329|0.995055|0.999329|
|0.995055|0.999329|0.995055|
|0.999329|0.995055|0.999329|


5's feature
|0.964028|0.995055|0.999329|
|0.999909|0.964028|0.995055|
|0.999329|0.999909|0.964028|


INFO: [SIM 1] CSim done with 0 errors.
INFO: [SIM 3] *************** CSIM finish ***************
