00:32:30 INFO  : Registering command handlers for SDK TCF services
00:32:31 INFO  : Launching XSCT server: xsct.bat -interactive F:\project\lenet-5\lenet-5\lenet-5.sdk\temp_xsdb_launch_script.tcl
00:32:33 INFO  : XSCT server has started successfully.
00:32:37 INFO  : Successfully done setting XSCT server connection channel  
00:32:37 INFO  : Processing command line option -hwspec F:/project/lenet-5/lenet-5/lenet-5.sdk/lenet_wrapper.hdf.
00:32:37 INFO  : Successfully done setting SDK workspace  
01:11:04 INFO  : Connected to target on host '127.0.0.1' and port '3121'.
01:11:05 INFO  : Jtag cable 'Digilent Zed 210248585104' is selected.
01:11:05 INFO  : 'jtag frequency' command is executed.
01:11:05 INFO  : Sourcing of 'F:/project/lenet-5/lenet-5/lenet-5.sdk/lenet_wrapper_hw_platform_0/ps7_init.tcl' is done.
01:11:05 INFO  : Context for 'APU' is selected.
01:11:05 INFO  : System reset is completed.
01:11:08 INFO  : 'after 3000' command is executed.
01:11:08 INFO  : 'targets -set -filter {jtag_cable_name =~ "Digilent Zed 210248585104" && level==0} -index 1' command is executed.
01:11:10 INFO  : FPGA configured successfully with bitstream "F:/project/lenet-5/lenet-5/lenet-5.sdk/lenet_wrapper_hw_platform_0/lenet_wrapper.bit"
01:11:10 INFO  : Context for 'APU' is selected.
01:11:10 INFO  : Hardware design information is loaded from 'F:/project/lenet-5/lenet-5/lenet-5.sdk/lenet_wrapper_hw_platform_0/system.hdf'.
01:11:10 INFO  : 'configparams force-mem-access 1' command is executed.
01:11:10 INFO  : Context for 'APU' is selected.
01:11:11 INFO  : 'ps7_init' command is executed.
01:11:11 INFO  : 'ps7_post_config' command is executed.
01:11:11 INFO  : Context for processor 'ps7_cortexa9_0' is selected.
01:11:11 INFO  : The application 'F:/project/lenet-5/lenet-5/lenet-5.sdk/lenet-5/Debug/lenet-5.elf' is downloaded to processor 'ps7_cortexa9_0'.
01:11:11 INFO  : 'configparams force-mem-access 0' command is executed.
01:11:11 INFO  : ----------------XSDB Script----------------
connect -url tcp:127.0.0.1:3121
source F:/project/lenet-5/lenet-5/lenet-5.sdk/lenet_wrapper_hw_platform_0/ps7_init.tcl
targets -set -nocase -filter {name =~"APU*" && jtag_cable_name =~ "Digilent Zed 210248585104"} -index 0
rst -system
after 3000
targets -set -filter {jtag_cable_name =~ "Digilent Zed 210248585104" && level==0} -index 1
fpga -file F:/project/lenet-5/lenet-5/lenet-5.sdk/lenet_wrapper_hw_platform_0/lenet_wrapper.bit
targets -set -nocase -filter {name =~"APU*" && jtag_cable_name =~ "Digilent Zed 210248585104"} -index 0
loadhw -hw F:/project/lenet-5/lenet-5/lenet-5.sdk/lenet_wrapper_hw_platform_0/system.hdf -mem-ranges [list {0x40000000 0xbfffffff}]
configparams force-mem-access 1
targets -set -nocase -filter {name =~"APU*" && jtag_cable_name =~ "Digilent Zed 210248585104"} -index 0
ps7_init
ps7_post_config
targets -set -nocase -filter {name =~ "ARM*#0" && jtag_cable_name =~ "Digilent Zed 210248585104"} -index 0
dow F:/project/lenet-5/lenet-5/lenet-5.sdk/lenet-5/Debug/lenet-5.elf
configparams force-mem-access 0
----------------End of Script----------------

01:11:11 INFO  : Memory regions updated for context APU
01:11:11 INFO  : Context for processor 'ps7_cortexa9_0' is selected.
01:11:11 INFO  : 'con' command is executed.
01:11:11 INFO  : ----------------XSDB Script (After Launch)----------------
targets -set -nocase -filter {name =~ "ARM*#0" && jtag_cable_name =~ "Digilent Zed 210248585104"} -index 0
con
----------------End of Script----------------

01:11:11 INFO  : Launch script is exported to file 'F:\project\lenet-5\lenet-5\lenet-5.sdk\.sdk\launch_scripts\xilinx_c-c++_application_(system_debugger)\system_debugger_using_debug_lenet-5.elf_on_local.tcl'
01:13:42 INFO  : Disconnected from the channel tcfchan#1.
01:13:43 INFO  : Connected to target on host '127.0.0.1' and port '3121'.
01:13:44 INFO  : Jtag cable 'Digilent Zed 210248585104' is selected.
01:13:44 INFO  : 'jtag frequency' command is executed.
01:13:44 INFO  : Sourcing of 'F:/project/lenet-5/lenet-5/lenet-5.sdk/lenet_wrapper_hw_platform_0/ps7_init.tcl' is done.
01:13:44 INFO  : Context for 'APU' is selected.
01:13:44 INFO  : System reset is completed.
01:13:47 INFO  : 'after 3000' command is executed.
01:13:47 INFO  : 'targets -set -filter {jtag_cable_name =~ "Digilent Zed 210248585104" && level==0} -index 1' command is executed.
01:13:49 INFO  : FPGA configured successfully with bitstream "F:/project/lenet-5/lenet-5/lenet-5.sdk/lenet_wrapper_hw_platform_0/lenet_wrapper.bit"
01:13:49 INFO  : Context for 'APU' is selected.
01:13:51 INFO  : Hardware design information is loaded from 'F:/project/lenet-5/lenet-5/lenet-5.sdk/lenet_wrapper_hw_platform_0/system.hdf'.
01:13:51 INFO  : 'configparams force-mem-access 1' command is executed.
01:13:51 INFO  : Context for 'APU' is selected.
01:13:51 INFO  : 'ps7_init' command is executed.
01:13:51 INFO  : 'ps7_post_config' command is executed.
01:13:51 INFO  : Context for processor 'ps7_cortexa9_0' is selected.
01:13:51 INFO  : The application 'F:/project/lenet-5/lenet-5/lenet-5.sdk/lenet-5/Debug/lenet-5.elf' is downloaded to processor 'ps7_cortexa9_0'.
01:13:51 INFO  : 'configparams force-mem-access 0' command is executed.
01:13:51 INFO  : ----------------XSDB Script----------------
connect -url tcp:127.0.0.1:3121
source F:/project/lenet-5/lenet-5/lenet-5.sdk/lenet_wrapper_hw_platform_0/ps7_init.tcl
targets -set -nocase -filter {name =~"APU*" && jtag_cable_name =~ "Digilent Zed 210248585104"} -index 0
rst -system
after 3000
targets -set -filter {jtag_cable_name =~ "Digilent Zed 210248585104" && level==0} -index 1
fpga -file F:/project/lenet-5/lenet-5/lenet-5.sdk/lenet_wrapper_hw_platform_0/lenet_wrapper.bit
targets -set -nocase -filter {name =~"APU*" && jtag_cable_name =~ "Digilent Zed 210248585104"} -index 0
loadhw -hw F:/project/lenet-5/lenet-5/lenet-5.sdk/lenet_wrapper_hw_platform_0/system.hdf -mem-ranges [list {0x40000000 0xbfffffff}]
configparams force-mem-access 1
targets -set -nocase -filter {name =~"APU*" && jtag_cable_name =~ "Digilent Zed 210248585104"} -index 0
ps7_init
ps7_post_config
targets -set -nocase -filter {name =~ "ARM*#0" && jtag_cable_name =~ "Digilent Zed 210248585104"} -index 0
dow F:/project/lenet-5/lenet-5/lenet-5.sdk/lenet-5/Debug/lenet-5.elf
configparams force-mem-access 0
----------------End of Script----------------

01:13:51 INFO  : Memory regions updated for context APU
01:13:52 INFO  : Context for processor 'ps7_cortexa9_0' is selected.
01:13:52 INFO  : 'con' command is executed.
01:13:52 INFO  : ----------------XSDB Script (After Launch)----------------
targets -set -nocase -filter {name =~ "ARM*#0" && jtag_cable_name =~ "Digilent Zed 210248585104"} -index 0
con
----------------End of Script----------------

01:13:52 INFO  : Launch script is exported to file 'F:\project\lenet-5\lenet-5\lenet-5.sdk\.sdk\launch_scripts\xilinx_c-c++_application_(system_debugger)\system_debugger_using_debug_lenet-5.elf_on_local.tcl'
01:14:50 INFO  : Disconnected from the channel tcfchan#2.
01:14:51 INFO  : Connected to target on host '127.0.0.1' and port '3121'.
01:14:51 INFO  : Jtag cable 'Digilent Zed 210248585104' is selected.
01:14:51 INFO  : 'jtag frequency' command is executed.
01:14:51 INFO  : Sourcing of 'F:/project/lenet-5/lenet-5/lenet-5.sdk/lenet_wrapper_hw_platform_0/ps7_init.tcl' is done.
01:14:51 INFO  : Context for 'APU' is selected.
01:14:51 INFO  : System reset is completed.
01:14:54 INFO  : 'after 3000' command is executed.
01:14:54 INFO  : 'targets -set -filter {jtag_cable_name =~ "Digilent Zed 210248585104" && level==0} -index 1' command is executed.
01:14:57 INFO  : FPGA configured successfully with bitstream "F:/project/lenet-5/lenet-5/lenet-5.sdk/lenet_wrapper_hw_platform_0/lenet_wrapper.bit"
01:14:57 INFO  : Context for 'APU' is selected.
01:14:59 INFO  : Hardware design information is loaded from 'F:/project/lenet-5/lenet-5/lenet-5.sdk/lenet_wrapper_hw_platform_0/system.hdf'.
01:14:59 INFO  : 'configparams force-mem-access 1' command is executed.
01:14:59 INFO  : Context for 'APU' is selected.
01:14:59 INFO  : 'ps7_init' command is executed.
01:14:59 INFO  : 'ps7_post_config' command is executed.
01:14:59 INFO  : Context for processor 'ps7_cortexa9_0' is selected.
01:14:59 INFO  : The application 'F:/project/lenet-5/lenet-5/lenet-5.sdk/lenet-5/Debug/lenet-5.elf' is downloaded to processor 'ps7_cortexa9_0'.
01:14:59 INFO  : 'configparams force-mem-access 0' command is executed.
01:14:59 INFO  : ----------------XSDB Script----------------
connect -url tcp:127.0.0.1:3121
source F:/project/lenet-5/lenet-5/lenet-5.sdk/lenet_wrapper_hw_platform_0/ps7_init.tcl
targets -set -nocase -filter {name =~"APU*" && jtag_cable_name =~ "Digilent Zed 210248585104"} -index 0
rst -system
after 3000
targets -set -filter {jtag_cable_name =~ "Digilent Zed 210248585104" && level==0} -index 1
fpga -file F:/project/lenet-5/lenet-5/lenet-5.sdk/lenet_wrapper_hw_platform_0/lenet_wrapper.bit
targets -set -nocase -filter {name =~"APU*" && jtag_cable_name =~ "Digilent Zed 210248585104"} -index 0
loadhw -hw F:/project/lenet-5/lenet-5/lenet-5.sdk/lenet_wrapper_hw_platform_0/system.hdf -mem-ranges [list {0x40000000 0xbfffffff}]
configparams force-mem-access 1
targets -set -nocase -filter {name =~"APU*" && jtag_cable_name =~ "Digilent Zed 210248585104"} -index 0
ps7_init
ps7_post_config
targets -set -nocase -filter {name =~ "ARM*#0" && jtag_cable_name =~ "Digilent Zed 210248585104"} -index 0
dow F:/project/lenet-5/lenet-5/lenet-5.sdk/lenet-5/Debug/lenet-5.elf
configparams force-mem-access 0
----------------End of Script----------------

01:14:59 INFO  : Memory regions updated for context APU
01:14:59 INFO  : Context for processor 'ps7_cortexa9_0' is selected.
01:14:59 INFO  : 'con' command is executed.
01:14:59 INFO  : ----------------XSDB Script (After Launch)----------------
targets -set -nocase -filter {name =~ "ARM*#0" && jtag_cable_name =~ "Digilent Zed 210248585104"} -index 0
con
----------------End of Script----------------

01:14:59 INFO  : Launch script is exported to file 'F:\project\lenet-5\lenet-5\lenet-5.sdk\.sdk\launch_scripts\xilinx_c-c++_application_(system_debugger)\system_debugger_using_debug_lenet-5.elf_on_local.tcl'
01:19:09 INFO  : Disconnected from the channel tcfchan#3.
01:19:10 INFO  : Connected to target on host '127.0.0.1' and port '3121'.
01:19:10 INFO  : Jtag cable 'Digilent Zed 210248585104' is selected.
01:19:10 INFO  : 'jtag frequency' command is executed.
01:19:10 INFO  : Sourcing of 'F:/project/lenet-5/lenet-5/lenet-5.sdk/lenet_wrapper_hw_platform_0/ps7_init.tcl' is done.
01:19:10 INFO  : Context for 'APU' is selected.
01:19:10 INFO  : System reset is completed.
01:19:13 INFO  : 'after 3000' command is executed.
01:19:13 INFO  : 'targets -set -filter {jtag_cable_name =~ "Digilent Zed 210248585104" && level==0} -index 1' command is executed.
01:19:16 INFO  : FPGA configured successfully with bitstream "F:/project/lenet-5/lenet-5/lenet-5.sdk/lenet_wrapper_hw_platform_0/lenet_wrapper.bit"
01:19:16 INFO  : Context for 'APU' is selected.
01:19:17 INFO  : Hardware design information is loaded from 'F:/project/lenet-5/lenet-5/lenet-5.sdk/lenet_wrapper_hw_platform_0/system.hdf'.
01:19:17 INFO  : 'configparams force-mem-access 1' command is executed.
01:19:17 INFO  : Context for 'APU' is selected.
01:19:18 INFO  : 'ps7_init' command is executed.
01:19:18 INFO  : 'ps7_post_config' command is executed.
01:19:18 INFO  : Context for processor 'ps7_cortexa9_0' is selected.
01:19:18 INFO  : The application 'F:/project/lenet-5/lenet-5/lenet-5.sdk/lenet-5/Debug/lenet-5.elf' is downloaded to processor 'ps7_cortexa9_0'.
01:19:18 INFO  : 'configparams force-mem-access 0' command is executed.
01:19:18 INFO  : ----------------XSDB Script----------------
connect -url tcp:127.0.0.1:3121
source F:/project/lenet-5/lenet-5/lenet-5.sdk/lenet_wrapper_hw_platform_0/ps7_init.tcl
targets -set -nocase -filter {name =~"APU*" && jtag_cable_name =~ "Digilent Zed 210248585104"} -index 0
rst -system
after 3000
targets -set -filter {jtag_cable_name =~ "Digilent Zed 210248585104" && level==0} -index 1
fpga -file F:/project/lenet-5/lenet-5/lenet-5.sdk/lenet_wrapper_hw_platform_0/lenet_wrapper.bit
targets -set -nocase -filter {name =~"APU*" && jtag_cable_name =~ "Digilent Zed 210248585104"} -index 0
loadhw -hw F:/project/lenet-5/lenet-5/lenet-5.sdk/lenet_wrapper_hw_platform_0/system.hdf -mem-ranges [list {0x40000000 0xbfffffff}]
configparams force-mem-access 1
targets -set -nocase -filter {name =~"APU*" && jtag_cable_name =~ "Digilent Zed 210248585104"} -index 0
ps7_init
ps7_post_config
targets -set -nocase -filter {name =~ "ARM*#0" && jtag_cable_name =~ "Digilent Zed 210248585104"} -index 0
dow F:/project/lenet-5/lenet-5/lenet-5.sdk/lenet-5/Debug/lenet-5.elf
configparams force-mem-access 0
----------------End of Script----------------

01:19:18 INFO  : Memory regions updated for context APU
01:19:18 INFO  : Context for processor 'ps7_cortexa9_0' is selected.
01:19:18 INFO  : 'con' command is executed.
01:19:18 INFO  : ----------------XSDB Script (After Launch)----------------
targets -set -nocase -filter {name =~ "ARM*#0" && jtag_cable_name =~ "Digilent Zed 210248585104"} -index 0
con
----------------End of Script----------------

01:19:18 INFO  : Launch script is exported to file 'F:\project\lenet-5\lenet-5\lenet-5.sdk\.sdk\launch_scripts\xilinx_c-c++_application_(system_debugger)\system_debugger_using_debug_lenet-5.elf_on_local.tcl'
01:19:58 INFO  : Disconnected from the channel tcfchan#4.
01:19:59 INFO  : Connected to target on host '127.0.0.1' and port '3121'.
01:19:59 INFO  : Jtag cable 'Digilent Zed 210248585104' is selected.
01:19:59 INFO  : 'jtag frequency' command is executed.
01:19:59 INFO  : Sourcing of 'F:/project/lenet-5/lenet-5/lenet-5.sdk/lenet_wrapper_hw_platform_0/ps7_init.tcl' is done.
01:19:59 INFO  : Context for 'APU' is selected.
01:19:59 INFO  : System reset is completed.
01:20:03 INFO  : 'after 3000' command is executed.
01:20:03 INFO  : 'targets -set -filter {jtag_cable_name =~ "Digilent Zed 210248585104" && level==0} -index 1' command is executed.
01:20:05 INFO  : FPGA configured successfully with bitstream "F:/project/lenet-5/lenet-5/lenet-5.sdk/lenet_wrapper_hw_platform_0/lenet_wrapper.bit"
01:20:05 INFO  : Context for 'APU' is selected.
01:20:06 INFO  : Hardware design information is loaded from 'F:/project/lenet-5/lenet-5/lenet-5.sdk/lenet_wrapper_hw_platform_0/system.hdf'.
01:20:06 INFO  : 'configparams force-mem-access 1' command is executed.
01:20:06 INFO  : Context for 'APU' is selected.
01:20:07 INFO  : 'ps7_init' command is executed.
01:20:07 INFO  : 'ps7_post_config' command is executed.
01:20:07 INFO  : Context for processor 'ps7_cortexa9_0' is selected.
01:20:07 INFO  : The application 'F:/project/lenet-5/lenet-5/lenet-5.sdk/lenet-5/Debug/lenet-5.elf' is downloaded to processor 'ps7_cortexa9_0'.
01:20:07 INFO  : 'configparams force-mem-access 0' command is executed.
01:20:07 INFO  : ----------------XSDB Script----------------
connect -url tcp:127.0.0.1:3121
source F:/project/lenet-5/lenet-5/lenet-5.sdk/lenet_wrapper_hw_platform_0/ps7_init.tcl
targets -set -nocase -filter {name =~"APU*" && jtag_cable_name =~ "Digilent Zed 210248585104"} -index 0
rst -system
after 3000
targets -set -filter {jtag_cable_name =~ "Digilent Zed 210248585104" && level==0} -index 1
fpga -file F:/project/lenet-5/lenet-5/lenet-5.sdk/lenet_wrapper_hw_platform_0/lenet_wrapper.bit
targets -set -nocase -filter {name =~"APU*" && jtag_cable_name =~ "Digilent Zed 210248585104"} -index 0
loadhw -hw F:/project/lenet-5/lenet-5/lenet-5.sdk/lenet_wrapper_hw_platform_0/system.hdf -mem-ranges [list {0x40000000 0xbfffffff}]
configparams force-mem-access 1
targets -set -nocase -filter {name =~"APU*" && jtag_cable_name =~ "Digilent Zed 210248585104"} -index 0
ps7_init
ps7_post_config
targets -set -nocase -filter {name =~ "ARM*#0" && jtag_cable_name =~ "Digilent Zed 210248585104"} -index 0
dow F:/project/lenet-5/lenet-5/lenet-5.sdk/lenet-5/Debug/lenet-5.elf
configparams force-mem-access 0
----------------End of Script----------------

01:20:07 INFO  : Memory regions updated for context APU
01:20:07 INFO  : Context for processor 'ps7_cortexa9_0' is selected.
01:20:07 INFO  : 'con' command is executed.
01:20:07 INFO  : ----------------XSDB Script (After Launch)----------------
targets -set -nocase -filter {name =~ "ARM*#0" && jtag_cable_name =~ "Digilent Zed 210248585104"} -index 0
con
----------------End of Script----------------

01:20:07 INFO  : Launch script is exported to file 'F:\project\lenet-5\lenet-5\lenet-5.sdk\.sdk\launch_scripts\xilinx_c-c++_application_(system_debugger)\system_debugger_using_debug_lenet-5.elf_on_local.tcl'
